{
  "RSpec": {
    "coverage": {
      "/Users/timfell/Documents/turing/4module/projects/lol_champs/app/helpers/application_helper.rb": [
        1,
        null
      ],
      "/Users/timfell/Documents/turing/4module/projects/lol_champs/app/models/user.rb": [
        1,
        null,
        1,
        1,
        1,
        1,
        null,
        1,
        1,
        null,
        1,
        null,
        null
      ],
      "/Users/timfell/Documents/turing/4module/projects/lol_champs/app/models/application_record.rb": [
        1,
        1,
        null
      ],
      "/Users/timfell/Documents/turing/4module/projects/lol_champs/app/models/champion.rb": [
        1,
        1,
        1,
        null,
        1,
        20,
        15,
        null,
        5,
        null,
        null,
        null
      ],
      "/Users/timfell/Documents/turing/4module/projects/lol_champs/app/controllers/champions_controller.rb": [
        1,
        1,
        34,
        null,
        null,
        1,
        20,
        null,
        null,
        1,
        null,
        null,
        null,
        1,
        null,
        null,
        null,
        1,
        1,
        54,
        null,
        null
      ],
      "/Users/timfell/Documents/turing/4module/projects/lol_champs/app/controllers/application_controller.rb": [
        1,
        1,
        null,
        1,
        null,
        1,
        201,
        null,
        null
      ],
      "/Users/timfell/Documents/turing/4module/projects/lol_champs/app/facades/champion_facade.rb": [
        1,
        null,
        1,
        68,
        68,
        null,
        null,
        null,
        null,
        null,
        null,
        null,
        null,
        null,
        null,
        null,
        null,
        null,
        null,
        null,
        null,
        null,
        null,
        null,
        null,
        null,
        null,
        null,
        null,
        1,
        34,
        0,
        null,
        34,
        null,
        null,
        null,
        1,
        14,
        14,
        18,
        null,
        null,
        null,
        1,
        100,
        null,
        null,
        1,
        20,
        20,
        20,
        20,
        20,
        20,
        20,
        20,
        20,
        420,
        null,
        20,
        null,
        null,
        null
      ],
      "/Users/timfell/Documents/turing/4module/projects/lol_champs/app/controllers/sessions_controller.rb": [
        1,
        null,
        1,
        23,
        null,
        null,
        1,
        16,
        16,
        13,
        13,
        13,
        null,
        3,
        3,
        null,
        null,
        null,
        1,
        4,
        4,
        4,
        null,
        null,
        1,
        1,
        30,
        null,
        null,
        null
      ],
      "/Users/timfell/Documents/turing/4module/projects/lol_champs/app/controllers/favorites_controller.rb": [
        1,
        null,
        1,
        15,
        14,
        null,
        1,
        1,
        null,
        null,
        null,
        null,
        1,
        13,
        13,
        11,
        11,
        11,
        11,
        2,
        0,
        0,
        null,
        2,
        2,
        null,
        null,
        null,
        1,
        3,
        3,
        3,
        3,
        3,
        null,
        null,
        1,
        1,
        27,
        null,
        null
      ],
      "/Users/timfell/Documents/turing/4module/projects/lol_champs/app/models/favorite.rb": [
        1,
        1,
        1,
        null
      ],
      "/Users/timfell/Documents/turing/4module/projects/lol_champs/app/controllers/users_controller.rb": [
        1,
        null,
        1,
        4,
        0,
        0,
        null,
        4,
        null,
        null,
        null,
        1,
        2,
        0,
        0,
        null,
        2,
        2,
        2,
        2,
        null,
        null,
        null,
        null,
        1,
        1,
        2,
        null,
        null,
        null
      ]
    },
    "timestamp": 1551248133
  }
}
